3360014 3314018 0x08dfea1a 3359999
3360044 3314042.5 0x08f669a8 3360036
3360051 3314051 0x08f2d33c 3360036
3360096 3314100.5 0x08f669a8 3360088
3360103 3314109 0x08f2d33c 3360088
3360122 3314136.5 0x08f15d80 3359999
3360135 3314148 0x08f669a8 3360128
3360142 3314156.5 0x08f669a8 3360128
3360149 3314165 0x08f2d33c 3360128
3360160 3314181.5 0x08f15cf4 3359999
3360165 3314186.5 0x08f2cd08 3360162
3360166 3314187.5 0x08b7c490 3360162
3360168 3314189.5 0x08b7c4a0 3360162
3360183 3314207.5 0x08f15cf4 3359999
3360202 3314226 0x08f609a0 3360197
3360235 3314270.5 0x08e6dd1c 3360190
3360238 3314273 0x08e6dd04 3360190
3360239 3314274 0x08b8361c 3360190
3360241 3314276 0x08b83620 3360190
3360243 3314278 0x08b83624 3360190
3360247 3314281.5 0x08e6dd0c 3360190
3360248 3314282.5 0x08b8361c 3360190
3360250 3314284.5 0x08b83620 3360190
3360252 3314286.5 0x08b83624 3360190
3360365 3314385 0x08dfea00 3360190
3360373 3314393 0x08f663b0 3360369
3360374 3314394 0x08f3d25c 3360369
3360391 3314419.5 0x08f63e84 3360190
3360421 3314446 0x08f663b0 3360417
3360422 3314447 0x08f3ce8c 3360417
3360433 3314468.5 0x08b7c630 3360408
3360449 3314494.5 0x08f337b6 3360190
3360452 3314496.5 0x08f337b4 3360190
3360456 3314500 0x08b83628 3360190
3360459 3314502.5 0x08f337b4 3360190
3360463 3314506 0x08b83620 3360190
3360465 3314508 0x08b8361c 3360190
3360468 3314511 0x08f33798 3360190
3360469 3314512 0x08e6dcfc 3360190
3360472 3314514.5 0x08f337b6 3360190
3360477 3314518 0x08f337b6 3360190
3360482 3314521.5 0x08f337b6 3360190
3360487 3314525 0x08f337b6 3360190
3360492 3314528.5 0x08f337b6 3360190
3360502 3314537 0x08f337a8 3360496
3360505 3314539 0x08f337a8 3360496
3360509 3314542 0x08f337a8 3360496
3360525 3314562.5 0x08f60c20 3360521
3360534 3314575 0x08b83630 3360190
3360568 3314617 0x08f36bf8 3360563
3360573 3314622 0x08f2cd08 3360570
3360574 3314623 0x08b7c490 3360570
3360576 3314625 0x08b7c4a0 3360570
3360608 3314660 0x08b7cb50 3360563
3360611 3314663 0x08b7cb54 3360563
3360628 3314689.5 0x08f663b0 3360624
3360629 3314690.5 0x08f3ceac 3360624
3360641 3314712 0x08f36be4 3360554
3360642 3314713 0x08e72250 3360554
3360644 3314715 0x08e72254 3360554
3360647 3314717.5 0x08f5b3f5 3360554
3360650 3314719.5 0x08f5dbc7 3360554
3360658 3314724.5 0x08f36c0c 3360554
3360660 3314725.5 0x08f36c0d 3360554
3360667 3314732 0x08f5b3e4 3360554
3360668 3314733 0x08e72280 3360554
3360671 3314735.5 0x08e82ef8 3360554
3360674 3314738 0x08f36bf0 3360554
3360684 3314748 0x08f36bf0 3360554
3360686 3314750 0x08f36bf0 3360554
3360690 3314754.5 0x08f36c1c 3360554
3360691 3314755.5 0x08f36c18 3360554
3360693 3314757.5 0x08b85d08 3360554
3360696 3314760 0x08e72217 3360554
3360699 3314762.5 0x08f36c28 3360554
3360701 3314764.5 0x08f36c28 3360554
3360704 3314768.5 0x08f36c30 3360554
3360705 3314769.5 0x08f36c2c 3360554
3360708 3314772.5 0x08f36c38 3360554
3360729 3314803.5 0x08f36c34 3360554
3360730 3314804.5 0x08e72268 3360554
3360733 3314807.5 0x08f36c34 3360554
3360734 3314808.5 0x08e7226c 3360554
3360737 3314811.5 0x08e72274 3360554
3360740 3314815 0x08e72217 3360554
3360743 3314817.5 0x08f36c28 3360554
3360746 3314821 0x08f36c0c 3360554
3360763 3314843 0x08f137b4 3360758
3360768 3314848 0x08f2cd08 3360765
3360769 3314849 0x08b7c490 3360765
3360771 3314851 0x08b7c4a0 3360765
3360803 3314886 0x08b7cb50 3360758
3360806 3314889 0x08b7cb54 3360758
3360819 3314911 0x08f137c0 3360752
3360822 3314913 0x08f137c2 3360752
3360825 3314915 0x08f137c4 3360752
3360830 3314919 0x08b73d90 3360752
3360848 3314934 0x08f60c20 3360844
3360854 3314943.5 0x08b73da4 3360752
3360871 3314963 0x08dfc578 3360752
