3360005	fun	ssc_task_fp_enable	0x0860c293	3360005	3360012	3.31400e+06	3314016.5	2	3359999
3360036	fun	vpacs_ssc_event_waittmo	0x0865b586	3360036	3360062	3314037.5	3314066.5	3	3360022
3360022	fun	vpacs_ssc_event_wait	0x0860c2b9	3360022	3360067	3314026	3314076.5	2	3359999
3360088	fun	vpacs_ssc_event_waittmo	0x0865b586	3360088	3360114	3314095.5	3314124.5	3	3360074
3360074	fun	vpacs_ssc_event_wait	0x0860c2d0	3360074	3360119	3314084	3314134.5	2	3359999
3360128	fun	ssc_event_clear	0x0860c2ee	3360128	3360158	3314143	3314180	2	3359999
3360162	fun	TB_ReadTimeLow	0x0860c2fe	3360162	3360181	3314184	3314206.5	2	3359999
3360197	fun	ipcget_d_que_pfm	0x086b49a2	3360197	3360205	3314222.5	3314232.5	4	3360190
3360225	fun	ipcput_d_ans_pfm	0x086b49de	3360225	3360233	3314259	3314269	4	3360190
3360302	fun	ss_hld_init_ch	0x087612df	3360302	3360359	3314328.5	3314373	5	3360266
3360266	fun	ss_hld_init_ch1	0x086b4a82	3360266	3360363	3314299.5	3314383	4	3360190
3360369	fun	rin_btv_for	0x086b4a9e	3360369	3360385	3314390	3314411.5	4	3360190
3360417	fun	tp2_ps_AI	0x08665403	3360417	3360430	3314443	3314461.5	6	3360408
3360408	fun	vmaps_ss_hld_get_ch1_data	0x0876137f	3360408	3360443	3314435.5	3314483.5	5	3360398
3360398	fun	ss_hld_get_ch1_data	0x086b4add	3360398	3360446	3314426.5	3314492.5	4	3360190
3360496	fun	tp_update_did_06a5	0x086b4bf5	3360496	3360517	3314533	3314555	4	3360190
3360521	fun	ipcget_d_ans_pfm	0x086b4c02	3360521	3360527	3314560	3314568.5	4	3360190
3360541	fun	ipcput_d_ans_pfm	0x086b4c3a	3360541	3360549	3314582.5	3314592.5	4	3360190
3360190	fun	tp_input_driver_itppc	0x08674d86	3360190	3360553	3314215.5	3314602.5	3	3360186
3360570	fun	TB_ReadTimeLow	0x0866ed60	3360570	3360589	3314619.5	3314642	5	3360563
3360563	fun	lib_utils_clock_delta_sec	0x086e2604	3360563	3360619	3314613.5	3314677.5	4	3360554
3360624	fun	bcs_AI	0x086e2615	3360624	3360637	3314686.5	3314705	4	3360554
3360712	fun	lib_utils_absolute_f32	0x086e2a6a	3360712	3360724	3314777.5	3314795.5	4	3360554
3360554	fun	bcs2_fast_input_driver	0x08674d8b	3360554	3360751	3314604.5	3314831	3	3360186
3360765	fun	TB_ReadTimeLow	0x0866ed60	3360765	3360784	3314845.5	3314868	5	3360758
3360758	fun	lib_utils_clock_delta_sec	0x085f16d2	3360758	3360814	3314839.5	3314903.5	4	3360752
3360844	fun	ipcget_d_ans_pfm	0x085f1822	3360844	3360850	3314931.5	3314940	4	3360752
3360861	fun	ipcput_d_ans_pfm	0x085f184c	3360861	3360869	3314951	3314961	4	3360752
3360752	fun	endsv_main_fg	0x08674d90	3360752	3360909	3314833	3315001	3	3360186
3360924	fun	lib_utils_clipper_f32	0x0875ee04	3360924	3360936	3315017.5	3315035.5	4	3360910
3360959	fun	endsv_service_fg	0x0875ee69	3360959	3361569	3315060.5	3315544	4	3360910
3361579	fun	ipcget_d_ans_pfm	0x0875ee90	3361579	3361585	3315554	3315562.5	4	3360910
3361595	fun	ipcput_d_ans_pfm	0x0875eeaf	3361595	3361603	3315571.5	3315581.5	4	3360910
3360910	fun	etppc_main_fg	0x08674d95	3360910	3361607	3315003	3315591.5	3	3360186
3361608	fun	tp_output_driver_itppc	0x08674d9a	3361608	3361624	3315593.5	3315614	3	3360186
3361683	fun	ShaftSpeedDataPack	0x08663ba3	3361683	3361784	3315664	3315754.5	5	3361635
3361635	fun	in_issa_bidir	0x08598747	3361635	3361797	3315624.5	3315778.5	4	3361625
3361865	fun	ShaftSpeedDataPack	0x08663c84	3361865	3361966	3315831.5	3315922	5	3361817
3361817	fun	in_issb_bidir	0x085987ad	3361817	3361979	3315792	3315946	4	3361625
3361625	fun	tx_hld_input_mgr_level05	0x08674d9f	3361625	3361996	3315616	3315963.5	3	3360186
3361997	fun	tx_hld_output_mgr_level05	0x08674da4	3361997	3362002	3315965.5	3315974	3	3360186
3360186	fun	Event_5MS	0x0860c315	3360186	3362005	3314211	3315983	2	3359999
3362015	fun	getDAQIndex	0x0879ce77	3362015	3362090	3315994.5	3316082.5	3	3362008
3362008	fun	DAQ_Callback	0x0860c31f	3362008	3362094	3315987	3316092.5	2	3359999
3362096	fun	TB_ReadTimeLow	0x0860c327	3362096	3362115	3316095.5	3316118	2	3359999
3362123	fun	vpacs_void_U32	0x0860c341	3362123	3362128	3316125	3316133.5	2	3359999
3359999	fun	task_5ms	0x00000009	3359999	3362132	3313998.5	3316144.5	1	-1
----------- new loop 1 ------------
4664897	fun	ssc_task_fp_enable	0x0860c293	4664897	4664904	4606136	4606147.5	2	4664891
4664927	fun	vpacs_ssc_event_waittmo	0x0865b586	4664927	4664953	4606168	4606197	3	4664913
4664913	fun	vpacs_ssc_event_wait	0x0860c2b9	4664913	4664958	4606156.5	4606207	2	4664891
4664979	fun	vpacs_ssc_event_waittmo	0x0865b586	4664979	4665005	4606226	4606255	3	4664965
4664965	fun	vpacs_ssc_event_wait	0x0860c2d0	4664965	4665010	4606214.5	4606265	2	4664891
4665019	fun	ssc_event_clear	0x0860c2ee	4665019	4665049	4606273.5	4606310.5	2	4664891
4665053	fun	TB_ReadTimeLow	0x0860c2fe	4665053	4665072	4606314.5	4606337	2	4664891
4665088	fun	ipcget_d_que_pfm	0x086b49a2	4665088	4665096	4606353	4606363	4	4665081
4665116	fun	ipcput_d_ans_pfm	0x086b49de	4665116	4665124	4606389.5	4606399.5	4	4665081
4665133	fun	rin_btv_for	0x086b4a9e	4665133	4665149	4606408.5	4606430	4	4665081
4665181	fun	tp2_ps_AI	0x08665403	4665181	4665194	4606461.5	4606480	6	4665172
4665172	fun	vmaps_ss_hld_get_ch1_data	0x0876137f	4665172	4665207	4606454	4606502	5	4665162
4665162	fun	ss_hld_get_ch1_data	0x086b4add	4665162	4665210	4606445	4606511	4	4665081
4665260	fun	tp_update_did_06a5	0x086b4bf5	4665260	4665281	4606551.5	4606573.5	4	4665081
4665285	fun	ipcget_d_ans_pfm	0x086b4c02	4665285	4665291	4606578.5	4606587	4	4665081
4665305	fun	ipcput_d_ans_pfm	0x086b4c3a	4665305	4665313	4606601	4606611	4	4665081
4665081	fun	tp_input_driver_itppc	0x08674d86	4665081	4665317	4606346	4606621	3	4665077
4665334	fun	TB_ReadTimeLow	0x0866ed60	4665334	4665353	4606638	4606660.5	5	4665327
4665327	fun	lib_utils_clock_delta_sec	0x086e2604	4665327	4665384	4606632	4606695.5	4	4665318
4665389	fun	bcs_AI	0x086e2615	4665389	4665402	4606704.5	4606723	4	4665318
4665485	fun	lib_utils_linear_rlv_fc	0x0866b4d3	4665485	4665506	4606801.5	4606828.5	5	4665478
4665515	fun	lib_utils_linear_engine	0x0866b4f0	4665515	4665581	4606841.5	4606907.5	5	4665478
4665478	fun	lib_utils_linear_rlvt	0x086e29de	4665478	4665588	4606794	4606924.5	4	4665318
4665610	fun	lib_utils_linear_rlv_fc	0x0866b4d3	4665610	4665631	4606951	4606978	5	4665603
4665640	fun	lib_utils_linear_engine	0x0866b4f0	4665640	4665706	4606991	4607057	5	4665603
4665603	fun	lib_utils_linear_rlvt	0x086e2a27	4665603	4665713	4606943.5	4607074	4	4665318
4665726	fun	lib_utils_absolute_f32	0x086e2a6a	4665726	4665738	4607091	4607109	4	4665318
4665774	fun	lib_utils_linear_rlv_fc	0x0866b4d3	4665774	4665795	4607149.5	4607176.5	5	4665767
4665804	fun	lib_utils_linear_engine	0x0866b4f0	4665804	4665870	4607189.5	4607255.5	5	4665767
4665767	fun	lib_utils_linear_rlvt	0x086e2b7c	4665767	4665877	4607142	4607272.5	4	4665318
4665318	fun	bcs2_fast_input_driver	0x08674d8b	4665318	4665887	4606623	4607290	3	4665077
4665901	fun	TB_ReadTimeLow	0x0866ed60	4665901	4665920	4607304.5	4607327	5	4665894
4665894	fun	lib_utils_clock_delta_sec	0x085f16d2	4665894	4665951	4607298.5	4607362	4	4665888
4666019	fun	ipcget_d_ans_pfm	0x085f1822	4666019	4666025	4607421.5	4607430	4	4665888
4666036	fun	ipcput_d_ans_pfm	0x085f184c	4666036	4666044	4607441	4607451	4	4665888
4665888	fun	endsv_main_fg	0x08674d90	4665888	4666098	4607292	4607500	3	4665077
4666113	fun	lib_utils_clipper_f32	0x0875ee04	4666113	4666125	4607516.5	4607534.5	4	4666099
4666146	fun	endsv_service_fg	0x0875ee69	4666146	4667139	4607558	4608388.5	4	4666099
4667149	fun	ipcget_d_ans_pfm	0x0875ee90	4667149	4667155	4608398.5	4608407	4	4666099
4667165	fun	ipcput_d_ans_pfm	0x0875eeaf	4667165	4667173	4608416	4608426	4	4666099
4666099	fun	etppc_main_fg	0x08674d95	4666099	4667177	4607502	4608436	3	4665077
4667209	fun	lib_utils_clipper_f32	0x086b4e61	4667209	4667225	4608466.5	4608489.5	4	4667178
4667178	fun	tp_output_driver_itppc	0x08674d9a	4667178	4667232	4608438	4608505.5	3	4665077
4667291	fun	ShaftSpeedDataPack	0x08663ba3	4667291	4667392	4608555.5	4608646	5	4667243
4667243	fun	in_issa_bidir	0x08598747	4667243	4667405	4608516	4608670	4	4667233
4667473	fun	ShaftSpeedDataPack	0x08663c84	4667473	4667574	4608723	4608813.5	5	4667425
4667425	fun	in_issb_bidir	0x085987ad	4667425	4667587	4608683.5	4608837.5	4	4667233
4667233	fun	tx_hld_input_mgr_level05	0x08674d9f	4667233	4667604	4608507.5	4608855	3	4665077
4667605	fun	tx_hld_output_mgr_level05	0x08674da4	4667605	4667610	4608857	4608865.5	3	4665077
4665077	fun	Event_5MS	0x0860c315	4665077	4667613	4606341.5	4608874.5	2	4664891
4667623	fun	getDAQIndex	0x0879ce77	4667623	4667698	4608886	4608974	3	4667616
