3360049 3314048 0x08dfea1a 3360031
3360153 3314164 0x08f15d80 3360031
3360185 3314196 0x08f2d33c 3360160
3360214 3314235 0x08f15cf4 3360031
3360217 3314237 0x08f15cf8 3360031
3360262 3314290 0x08f60c20 3360257
3360288 3314317.5 0x08e6dd1c 3360222
3360365 3314377.5 0x08e766ac 3360334
3360370 3314380.5 0x08e766b0 3360334
3360375 3314383.5 0x08e76698 3360334
3360379 3314385.5 0x08e76688 3360334
3360383 3314387.5 0x08e7668c 3360334
3360386 3314389 0x08e766b4 3360334
3360421 3314446.5 0x08f337bc 3360222
3360422 3314447 0x08f337b8 3360222
3360426 3314449.5 0x08f337b8 3360222
3360471 3314501 0x08f337b4 3360440
3360480 3314522 0x08f337b6 3360222
3360490 3314530 0x08f337a0 3360222
3360499 3314538 0x08f33798 3360222
3360503 3314542 0x08f33790 3360222
3360540 3314569.5 0x08f337a8 3360528
3360578 3314613.5 0x08f60c20 3360573
3360631 3314677.5 0x08f36bf8 3360595
3360672 3314739 0x08f36be4 3360586
3360678 3314745 0x08f36bf0 3360586
3360689 3314752 0x08f36c0c 3360586
3360697 3314757 0x08e72219 3360586
3360707 3314767 0x08f36c28 3360586
3360709 3314769 0x08f36c20 3360586
3360711 3314771 0x08f36c24 3360586
3360713 3314773 0x08f36c10 3360586
3360715 3314775 0x08f36c14 3360586
3360717 3314777 0x08f36c18 3360586
3360719 3314779 0x08f36c1c 3360586
3360720 3314779.5 0x08f36c40 3360586
3360727 3314787.5 0x08f36c28 3360586
3360732 3314791.5 0x08f36c2c 3360586
3360734 3314793.5 0x08f36c30 3360586
3360739 3314799.5 0x08f36c38 3360586
3360760 3314830.5 0x08f36c34 3360586
3360770 3314840.5 0x08f36c3c 3360586
3360776 3314846.5 0x08f36bec 3360586
3360779 3314849.5 0x08f36c0d 3360586
3360780 3314850 0x08e72217 3360586
3360826 3314903.5 0x08f137b4 3360790
3360866 3314949.5 0x08f137c0 3360784
3360868 3314950.5 0x08f137c2 3360784
3360870 3314951.5 0x08f137c4 3360784
3360872 3314953.5 0x08dfc570 3360784
3360898 3314982 0x08f60c20 3360893
3360928 3315011 0x08f137b8 3360784
3360930 3315012 0x08f137ba 3360784
3360932 3315013 0x08f137bc 3360784
3360937 3315018 0x08dfc568 3360784
3360972 3315070.5 0x08e76404 3360942
3360981 3315076.5 0x08f39797 3360942
3361078 3315145.5 0x08f39713 3360991
3361081 3315147 0x08f39796 3360991
3361130 3315187.5 0x08e763fc 3360991
3361134 3315190.5 0x08f39720 3360991
3361167 3315216.5 0x08e76408 3360991
3361171 3315218.5 0x08f39798 3360991
3361220 3315264 0x08e76400 3360991
3361226 3315268.5 0x08f39724 3360991
3361431 3315430 0x08f39795 3360991
3361442 3315441 0x08f39774 3360991
3361449 3315447 0x08e76414 3360991
3361453 3315450 0x08e76410 3360991
3361463 3315457 0x08f39712 3360991
3361478 3315467.5 0x08f39758 3360991
3361482 3315470.5 0x08f39754 3360991
3361489 3315475.5 0x08f39750 3360991
3361494 3315480.5 0x08f39730 3360991
3361498 3315483.5 0x08f39768 3360991
3361502 3315486 0x08f39716 3360991
3361506 3315488.5 0x08f39716 3360991
3361510 3315491 0x08f39716 3360991
3361577 3315547.5 0x08f39712 3360991
3361582 3315552.5 0x08f39768 3360991
3361586 3315555.5 0x08f39764 3360991
3361590 3315558.5 0x08f39760 3360991
3361594 3315561.5 0x08f3975c 3360991
3361598 3315563.5 0x08f39794 3360991
3361606 3315576.5 0x08f2cd10 3360942
3361632 3315602.5 0x08f60c20 3361627
3361651 3315630 0x08f33784 3361640
3361653 3315632 0x08f33788 3361640
3361662 3315647.5 0x08ef88d6 3361657
3361664 3315648.5 0x08ef888c 3361657
3361797 3315755 0x08f2d6f8 3361715
3361800 3315756.5 0x08f2d6fc 3361715
3361820 3315785 0x08ef8880 3361667
3361822 3315787 0x08f2d6f0 3361667
3361831 3315808 0x08ef88d4 3361657
3361836 3315811 0x08ef88de 3361657
3361838 3315812 0x08ef8894 3361657
3361840 3315813 0x08ef88dc 3361657
3361842 3315814 0x08ef8888 3361657
3361844 3315815 0x08ef88e2 3361657
